Determining if the function sgemm_ exists failed with the following output:
Change Dir: /home/eric/RMVcode/Ceres_project/build/CMakeFiles/CMakeTmp

Run Build Command(s):/bin/gmake -f Makefile cmTC_f3371/fast && /bin/gmake  -f CMakeFiles/cmTC_f3371.dir/build.make CMakeFiles/cmTC_f3371.dir/build
gmake[1]: Entering directory '/home/eric/RMVcode/Ceres_project/build/CMakeFiles/CMakeTmp'
Building C object CMakeFiles/cmTC_f3371.dir/CheckFunctionExists.c.o
/bin/cc   -DCHECK_FUNCTION_EXISTS=sgemm_ -o CMakeFiles/cmTC_f3371.dir/CheckFunctionExists.c.o -c /usr/share/cmake-3.22/Modules/CheckFunctionExists.c
Linking C executable cmTC_f3371
/usr/bin/cmake -E cmake_link_script CMakeFiles/cmTC_f3371.dir/link.txt --verbose=1
/bin/cc  -DCHECK_FUNCTION_EXISTS=sgemm_ CMakeFiles/cmTC_f3371.dir/CheckFunctionExists.c.o -o cmTC_f3371 
/bin/ld: CMakeFiles/cmTC_f3371.dir/CheckFunctionExists.c.o: in function `main':
CheckFunctionExists.c:(.text+0x14): undefined reference to `sgemm_'
collect2: error: ld returned 1 exit status
gmake[1]: *** [CMakeFiles/cmTC_f3371.dir/build.make:99: cmTC_f3371] Error 1
gmake[1]: Leaving directory '/home/eric/RMVcode/Ceres_project/build/CMakeFiles/CMakeTmp'
gmake: *** [Makefile:127: cmTC_f3371/fast] Error 2



Determining if the function cheev_ exists failed with the following output:
Change Dir: /home/eric/RMVcode/Ceres_project/build/CMakeFiles/CMakeTmp

Run Build Command(s):/bin/gmake -f Makefile cmTC_88b5b/fast && /bin/gmake  -f CMakeFiles/cmTC_88b5b.dir/build.make CMakeFiles/cmTC_88b5b.dir/build
gmake[1]: Entering directory '/home/eric/RMVcode/Ceres_project/build/CMakeFiles/CMakeTmp'
Building C object CMakeFiles/cmTC_88b5b.dir/CheckFunctionExists.c.o
/bin/cc   -DCHECK_FUNCTION_EXISTS=cheev_ -o CMakeFiles/cmTC_88b5b.dir/CheckFunctionExists.c.o -c /usr/share/cmake-3.22/Modules/CheckFunctionExists.c
Linking C executable cmTC_88b5b
/usr/bin/cmake -E cmake_link_script CMakeFiles/cmTC_88b5b.dir/link.txt --verbose=1
/bin/cc  -DCHECK_FUNCTION_EXISTS=cheev_ CMakeFiles/cmTC_88b5b.dir/CheckFunctionExists.c.o -o cmTC_88b5b  /usr/lib/x86_64-linux-gnu/libblas.so /usr/lib/x86_64-linux-gnu/libf77blas.so /usr/lib/x86_64-linux-gnu/libatlas.so -lm -ldl 
/bin/ld: CMakeFiles/cmTC_88b5b.dir/CheckFunctionExists.c.o: in function `main':
CheckFunctionExists.c:(.text+0x14): undefined reference to `cheev_'
collect2: error: ld returned 1 exit status
gmake[1]: *** [CMakeFiles/cmTC_88b5b.dir/build.make:102: cmTC_88b5b] Error 1
gmake[1]: Leaving directory '/home/eric/RMVcode/Ceres_project/build/CMakeFiles/CMakeTmp'
gmake: *** [Makefile:127: cmTC_88b5b/fast] Error 2



Determining if the function cheev_ exists failed with the following output:
Change Dir: /home/eric/RMVcode/Ceres_project/build/CMakeFiles/CMakeTmp

Run Build Command(s):/bin/gmake -f Makefile cmTC_ab4c6/fast && /bin/gmake  -f CMakeFiles/cmTC_ab4c6.dir/build.make CMakeFiles/cmTC_ab4c6.dir/build
gmake[1]: Entering directory '/home/eric/RMVcode/Ceres_project/build/CMakeFiles/CMakeTmp'
Building C object CMakeFiles/cmTC_ab4c6.dir/CheckFunctionExists.c.o
/bin/cc   -DCHECK_FUNCTION_EXISTS=cheev_ -o CMakeFiles/cmTC_ab4c6.dir/CheckFunctionExists.c.o -c /usr/share/cmake-3.22/Modules/CheckFunctionExists.c
Linking C executable cmTC_ab4c6
/usr/bin/cmake -E cmake_link_script CMakeFiles/cmTC_ab4c6.dir/link.txt --verbose=1
/bin/cc  -DCHECK_FUNCTION_EXISTS=cheev_ CMakeFiles/cmTC_ab4c6.dir/CheckFunctionExists.c.o -o cmTC_ab4c6  /usr/lib/x86_64-linux-gnu/liblapack.so /usr/lib/x86_64-linux-gnu/libblas.so /usr/lib/x86_64-linux-gnu/libf77blas.so /usr/lib/x86_64-linux-gnu/libatlas.so -fortranlibs 
cc: error: unrecognized command-line option ‘-fortranlibs’
gmake[1]: *** [CMakeFiles/cmTC_ab4c6.dir/build.make:103: cmTC_ab4c6] Error 1
gmake[1]: Leaving directory '/home/eric/RMVcode/Ceres_project/build/CMakeFiles/CMakeTmp'
gmake: *** [Makefile:127: cmTC_ab4c6/fast] Error 2



Determining if the function sgemm_ exists failed with the following output:
Change Dir: /home/eric/RMVcode/Ceres_project/build/CMakeFiles/CMakeTmp

Run Build Command(s):/bin/gmake -f Makefile cmTC_7c4bc/fast && /bin/gmake  -f CMakeFiles/cmTC_7c4bc.dir/build.make CMakeFiles/cmTC_7c4bc.dir/build
gmake[1]: Entering directory '/home/eric/RMVcode/Ceres_project/build/CMakeFiles/CMakeTmp'
Building C object CMakeFiles/cmTC_7c4bc.dir/CheckFunctionExists.c.o
/bin/cc   -DCHECK_FUNCTION_EXISTS=sgemm_ -o CMakeFiles/cmTC_7c4bc.dir/CheckFunctionExists.c.o -c /usr/share/cmake-3.22/Modules/CheckFunctionExists.c
Linking C executable cmTC_7c4bc
/usr/bin/cmake -E cmake_link_script CMakeFiles/cmTC_7c4bc.dir/link.txt --verbose=1
/bin/cc  -DCHECK_FUNCTION_EXISTS=sgemm_ CMakeFiles/cmTC_7c4bc.dir/CheckFunctionExists.c.o -o cmTC_7c4bc 
/bin/ld: CMakeFiles/cmTC_7c4bc.dir/CheckFunctionExists.c.o: in function `main':
CheckFunctionExists.c:(.text+0x14): undefined reference to `sgemm_'
collect2: error: ld returned 1 exit status
gmake[1]: *** [CMakeFiles/cmTC_7c4bc.dir/build.make:99: cmTC_7c4bc] Error 1
gmake[1]: Leaving directory '/home/eric/RMVcode/Ceres_project/build/CMakeFiles/CMakeTmp'
gmake: *** [Makefile:127: cmTC_7c4bc/fast] Error 2



Determining if the function cheev_ exists failed with the following output:
Change Dir: /home/eric/RMVcode/Ceres_project/build/CMakeFiles/CMakeTmp

Run Build Command(s):/bin/gmake -f Makefile cmTC_484eb/fast && /bin/gmake  -f CMakeFiles/cmTC_484eb.dir/build.make CMakeFiles/cmTC_484eb.dir/build
gmake[1]: Entering directory '/home/eric/RMVcode/Ceres_project/build/CMakeFiles/CMakeTmp'
Building C object CMakeFiles/cmTC_484eb.dir/CheckFunctionExists.c.o
/bin/cc   -DCHECK_FUNCTION_EXISTS=cheev_ -o CMakeFiles/cmTC_484eb.dir/CheckFunctionExists.c.o -c /usr/share/cmake-3.22/Modules/CheckFunctionExists.c
Linking C executable cmTC_484eb
/usr/bin/cmake -E cmake_link_script CMakeFiles/cmTC_484eb.dir/link.txt --verbose=1
/bin/cc  -DCHECK_FUNCTION_EXISTS=cheev_ CMakeFiles/cmTC_484eb.dir/CheckFunctionExists.c.o -o cmTC_484eb  /usr/lib/x86_64-linux-gnu/libblas.so /usr/lib/x86_64-linux-gnu/libf77blas.so /usr/lib/x86_64-linux-gnu/libatlas.so -lm -ldl 
/bin/ld: CMakeFiles/cmTC_484eb.dir/CheckFunctionExists.c.o: in function `main':
CheckFunctionExists.c:(.text+0x14): undefined reference to `cheev_'
collect2: error: ld returned 1 exit status
gmake[1]: *** [CMakeFiles/cmTC_484eb.dir/build.make:102: cmTC_484eb] Error 1
gmake[1]: Leaving directory '/home/eric/RMVcode/Ceres_project/build/CMakeFiles/CMakeTmp'
gmake: *** [Makefile:127: cmTC_484eb/fast] Error 2



Determining if the function cheev_ exists failed with the following output:
Change Dir: /home/eric/RMVcode/Ceres_project/build/CMakeFiles/CMakeTmp

Run Build Command(s):/bin/gmake -f Makefile cmTC_74104/fast && /bin/gmake  -f CMakeFiles/cmTC_74104.dir/build.make CMakeFiles/cmTC_74104.dir/build
gmake[1]: Entering directory '/home/eric/RMVcode/Ceres_project/build/CMakeFiles/CMakeTmp'
Building C object CMakeFiles/cmTC_74104.dir/CheckFunctionExists.c.o
/bin/cc   -DCHECK_FUNCTION_EXISTS=cheev_ -o CMakeFiles/cmTC_74104.dir/CheckFunctionExists.c.o -c /usr/share/cmake-3.22/Modules/CheckFunctionExists.c
Linking C executable cmTC_74104
/usr/bin/cmake -E cmake_link_script CMakeFiles/cmTC_74104.dir/link.txt --verbose=1
/bin/cc  -DCHECK_FUNCTION_EXISTS=cheev_ CMakeFiles/cmTC_74104.dir/CheckFunctionExists.c.o -o cmTC_74104  /usr/lib/x86_64-linux-gnu/liblapack.so /usr/lib/x86_64-linux-gnu/libblas.so /usr/lib/x86_64-linux-gnu/libf77blas.so /usr/lib/x86_64-linux-gnu/libatlas.so -fortranlibs 
cc: error: unrecognized command-line option ‘-fortranlibs’
gmake[1]: *** [CMakeFiles/cmTC_74104.dir/build.make:103: cmTC_74104] Error 1
gmake[1]: Leaving directory '/home/eric/RMVcode/Ceres_project/build/CMakeFiles/CMakeTmp'
gmake: *** [Makefile:127: cmTC_74104/fast] Error 2



Determining if the function sgemm_ exists failed with the following output:
Change Dir: /home/eric/RMVcode/Ceres_project/build/CMakeFiles/CMakeTmp

Run Build Command(s):/bin/gmake -f Makefile cmTC_f85d5/fast && /bin/gmake  -f CMakeFiles/cmTC_f85d5.dir/build.make CMakeFiles/cmTC_f85d5.dir/build
gmake[1]: Entering directory '/home/eric/RMVcode/Ceres_project/build/CMakeFiles/CMakeTmp'
Building C object CMakeFiles/cmTC_f85d5.dir/CheckFunctionExists.c.o
/bin/cc   -DCHECK_FUNCTION_EXISTS=sgemm_ -o CMakeFiles/cmTC_f85d5.dir/CheckFunctionExists.c.o -c /usr/share/cmake-3.22/Modules/CheckFunctionExists.c
Linking C executable cmTC_f85d5
/usr/bin/cmake -E cmake_link_script CMakeFiles/cmTC_f85d5.dir/link.txt --verbose=1
/bin/cc  -DCHECK_FUNCTION_EXISTS=sgemm_ CMakeFiles/cmTC_f85d5.dir/CheckFunctionExists.c.o -o cmTC_f85d5 
/bin/ld: CMakeFiles/cmTC_f85d5.dir/CheckFunctionExists.c.o: in function `main':
CheckFunctionExists.c:(.text+0x14): undefined reference to `sgemm_'
collect2: error: ld returned 1 exit status
gmake[1]: *** [CMakeFiles/cmTC_f85d5.dir/build.make:99: cmTC_f85d5] Error 1
gmake[1]: Leaving directory '/home/eric/RMVcode/Ceres_project/build/CMakeFiles/CMakeTmp'
gmake: *** [Makefile:127: cmTC_f85d5/fast] Error 2



Determining if the function cheev_ exists failed with the following output:
Change Dir: /home/eric/RMVcode/Ceres_project/build/CMakeFiles/CMakeTmp

Run Build Command(s):/bin/gmake -f Makefile cmTC_03925/fast && /bin/gmake  -f CMakeFiles/cmTC_03925.dir/build.make CMakeFiles/cmTC_03925.dir/build
gmake[1]: Entering directory '/home/eric/RMVcode/Ceres_project/build/CMakeFiles/CMakeTmp'
Building C object CMakeFiles/cmTC_03925.dir/CheckFunctionExists.c.o
/bin/cc   -DCHECK_FUNCTION_EXISTS=cheev_ -o CMakeFiles/cmTC_03925.dir/CheckFunctionExists.c.o -c /usr/share/cmake-3.22/Modules/CheckFunctionExists.c
Linking C executable cmTC_03925
/usr/bin/cmake -E cmake_link_script CMakeFiles/cmTC_03925.dir/link.txt --verbose=1
/bin/cc  -DCHECK_FUNCTION_EXISTS=cheev_ CMakeFiles/cmTC_03925.dir/CheckFunctionExists.c.o -o cmTC_03925  /usr/lib/x86_64-linux-gnu/libblas.so /usr/lib/x86_64-linux-gnu/libf77blas.so /usr/lib/x86_64-linux-gnu/libatlas.so -lm -ldl 
/bin/ld: CMakeFiles/cmTC_03925.dir/CheckFunctionExists.c.o: in function `main':
CheckFunctionExists.c:(.text+0x14): undefined reference to `cheev_'
collect2: error: ld returned 1 exit status
gmake[1]: *** [CMakeFiles/cmTC_03925.dir/build.make:102: cmTC_03925] Error 1
gmake[1]: Leaving directory '/home/eric/RMVcode/Ceres_project/build/CMakeFiles/CMakeTmp'
gmake: *** [Makefile:127: cmTC_03925/fast] Error 2



Determining if the function cheev_ exists failed with the following output:
Change Dir: /home/eric/RMVcode/Ceres_project/build/CMakeFiles/CMakeTmp

Run Build Command(s):/bin/gmake -f Makefile cmTC_f3fde/fast && /bin/gmake  -f CMakeFiles/cmTC_f3fde.dir/build.make CMakeFiles/cmTC_f3fde.dir/build
gmake[1]: Entering directory '/home/eric/RMVcode/Ceres_project/build/CMakeFiles/CMakeTmp'
Building C object CMakeFiles/cmTC_f3fde.dir/CheckFunctionExists.c.o
/bin/cc   -DCHECK_FUNCTION_EXISTS=cheev_ -o CMakeFiles/cmTC_f3fde.dir/CheckFunctionExists.c.o -c /usr/share/cmake-3.22/Modules/CheckFunctionExists.c
Linking C executable cmTC_f3fde
/usr/bin/cmake -E cmake_link_script CMakeFiles/cmTC_f3fde.dir/link.txt --verbose=1
/bin/cc  -DCHECK_FUNCTION_EXISTS=cheev_ CMakeFiles/cmTC_f3fde.dir/CheckFunctionExists.c.o -o cmTC_f3fde  /usr/lib/x86_64-linux-gnu/liblapack.so /usr/lib/x86_64-linux-gnu/libblas.so /usr/lib/x86_64-linux-gnu/libf77blas.so /usr/lib/x86_64-linux-gnu/libatlas.so -fortranlibs 
cc: error: unrecognized command-line option ‘-fortranlibs’
gmake[1]: *** [CMakeFiles/cmTC_f3fde.dir/build.make:103: cmTC_f3fde] Error 1
gmake[1]: Leaving directory '/home/eric/RMVcode/Ceres_project/build/CMakeFiles/CMakeTmp'
gmake: *** [Makefile:127: cmTC_f3fde/fast] Error 2



Determining if the function sgemm_ exists failed with the following output:
Change Dir: /home/eric/RMVcode/Ceres_project/build/CMakeFiles/CMakeTmp

Run Build Command(s):/bin/gmake -f Makefile cmTC_aacde/fast && /bin/gmake  -f CMakeFiles/cmTC_aacde.dir/build.make CMakeFiles/cmTC_aacde.dir/build
gmake[1]: Entering directory '/home/eric/RMVcode/Ceres_project/build/CMakeFiles/CMakeTmp'
Building C object CMakeFiles/cmTC_aacde.dir/CheckFunctionExists.c.o
/bin/cc   -DCHECK_FUNCTION_EXISTS=sgemm_ -o CMakeFiles/cmTC_aacde.dir/CheckFunctionExists.c.o -c /usr/share/cmake-3.22/Modules/CheckFunctionExists.c
Linking C executable cmTC_aacde
/usr/bin/cmake -E cmake_link_script CMakeFiles/cmTC_aacde.dir/link.txt --verbose=1
/bin/cc  -DCHECK_FUNCTION_EXISTS=sgemm_ CMakeFiles/cmTC_aacde.dir/CheckFunctionExists.c.o -o cmTC_aacde 
/bin/ld: CMakeFiles/cmTC_aacde.dir/CheckFunctionExists.c.o: in function `main':
CheckFunctionExists.c:(.text+0x14): undefined reference to `sgemm_'
collect2: error: ld returned 1 exit status
gmake[1]: *** [CMakeFiles/cmTC_aacde.dir/build.make:99: cmTC_aacde] Error 1
gmake[1]: Leaving directory '/home/eric/RMVcode/Ceres_project/build/CMakeFiles/CMakeTmp'
gmake: *** [Makefile:127: cmTC_aacde/fast] Error 2



Determining if the function cheev_ exists failed with the following output:
Change Dir: /home/eric/RMVcode/Ceres_project/build/CMakeFiles/CMakeTmp

Run Build Command(s):/bin/gmake -f Makefile cmTC_67725/fast && /bin/gmake  -f CMakeFiles/cmTC_67725.dir/build.make CMakeFiles/cmTC_67725.dir/build
gmake[1]: Entering directory '/home/eric/RMVcode/Ceres_project/build/CMakeFiles/CMakeTmp'
Building C object CMakeFiles/cmTC_67725.dir/CheckFunctionExists.c.o
/bin/cc   -DCHECK_FUNCTION_EXISTS=cheev_ -o CMakeFiles/cmTC_67725.dir/CheckFunctionExists.c.o -c /usr/share/cmake-3.22/Modules/CheckFunctionExists.c
Linking C executable cmTC_67725
/usr/bin/cmake -E cmake_link_script CMakeFiles/cmTC_67725.dir/link.txt --verbose=1
/bin/cc  -DCHECK_FUNCTION_EXISTS=cheev_ CMakeFiles/cmTC_67725.dir/CheckFunctionExists.c.o -o cmTC_67725  /usr/lib/x86_64-linux-gnu/libblas.so /usr/lib/x86_64-linux-gnu/libf77blas.so /usr/lib/x86_64-linux-gnu/libatlas.so -lm -ldl 
/bin/ld: CMakeFiles/cmTC_67725.dir/CheckFunctionExists.c.o: in function `main':
CheckFunctionExists.c:(.text+0x14): undefined reference to `cheev_'
collect2: error: ld returned 1 exit status
gmake[1]: *** [CMakeFiles/cmTC_67725.dir/build.make:102: cmTC_67725] Error 1
gmake[1]: Leaving directory '/home/eric/RMVcode/Ceres_project/build/CMakeFiles/CMakeTmp'
gmake: *** [Makefile:127: cmTC_67725/fast] Error 2



Determining if the function cheev_ exists failed with the following output:
Change Dir: /home/eric/RMVcode/Ceres_project/build/CMakeFiles/CMakeTmp

Run Build Command(s):/bin/gmake -f Makefile cmTC_abce8/fast && /bin/gmake  -f CMakeFiles/cmTC_abce8.dir/build.make CMakeFiles/cmTC_abce8.dir/build
gmake[1]: Entering directory '/home/eric/RMVcode/Ceres_project/build/CMakeFiles/CMakeTmp'
Building C object CMakeFiles/cmTC_abce8.dir/CheckFunctionExists.c.o
/bin/cc   -DCHECK_FUNCTION_EXISTS=cheev_ -o CMakeFiles/cmTC_abce8.dir/CheckFunctionExists.c.o -c /usr/share/cmake-3.22/Modules/CheckFunctionExists.c
Linking C executable cmTC_abce8
/usr/bin/cmake -E cmake_link_script CMakeFiles/cmTC_abce8.dir/link.txt --verbose=1
/bin/cc  -DCHECK_FUNCTION_EXISTS=cheev_ CMakeFiles/cmTC_abce8.dir/CheckFunctionExists.c.o -o cmTC_abce8  /usr/lib/x86_64-linux-gnu/liblapack.so /usr/lib/x86_64-linux-gnu/libblas.so /usr/lib/x86_64-linux-gnu/libf77blas.so /usr/lib/x86_64-linux-gnu/libatlas.so -fortranlibs 
cc: error: unrecognized command-line option ‘-fortranlibs’
gmake[1]: *** [CMakeFiles/cmTC_abce8.dir/build.make:103: cmTC_abce8] Error 1
gmake[1]: Leaving directory '/home/eric/RMVcode/Ceres_project/build/CMakeFiles/CMakeTmp'
gmake: *** [Makefile:127: cmTC_abce8/fast] Error 2



Determining if the function sgemm_ exists failed with the following output:
Change Dir: /home/eric/RMVcode/Ceres_project/build/CMakeFiles/CMakeTmp

Run Build Command(s):/bin/gmake -f Makefile cmTC_04a7c/fast && /bin/gmake  -f CMakeFiles/cmTC_04a7c.dir/build.make CMakeFiles/cmTC_04a7c.dir/build
gmake[1]: Entering directory '/home/eric/RMVcode/Ceres_project/build/CMakeFiles/CMakeTmp'
Building C object CMakeFiles/cmTC_04a7c.dir/CheckFunctionExists.c.o
/bin/cc   -DCHECK_FUNCTION_EXISTS=sgemm_ -o CMakeFiles/cmTC_04a7c.dir/CheckFunctionExists.c.o -c /usr/share/cmake-3.22/Modules/CheckFunctionExists.c
Linking C executable cmTC_04a7c
/usr/bin/cmake -E cmake_link_script CMakeFiles/cmTC_04a7c.dir/link.txt --verbose=1
/bin/cc  -DCHECK_FUNCTION_EXISTS=sgemm_ CMakeFiles/cmTC_04a7c.dir/CheckFunctionExists.c.o -o cmTC_04a7c 
/bin/ld: CMakeFiles/cmTC_04a7c.dir/CheckFunctionExists.c.o: in function `main':
CheckFunctionExists.c:(.text+0x14): undefined reference to `sgemm_'
collect2: error: ld returned 1 exit status
gmake[1]: *** [CMakeFiles/cmTC_04a7c.dir/build.make:99: cmTC_04a7c] Error 1
gmake[1]: Leaving directory '/home/eric/RMVcode/Ceres_project/build/CMakeFiles/CMakeTmp'
gmake: *** [Makefile:127: cmTC_04a7c/fast] Error 2



Determining if the function cheev_ exists failed with the following output:
Change Dir: /home/eric/RMVcode/Ceres_project/build/CMakeFiles/CMakeTmp

Run Build Command(s):/bin/gmake -f Makefile cmTC_f423f/fast && /bin/gmake  -f CMakeFiles/cmTC_f423f.dir/build.make CMakeFiles/cmTC_f423f.dir/build
gmake[1]: Entering directory '/home/eric/RMVcode/Ceres_project/build/CMakeFiles/CMakeTmp'
Building C object CMakeFiles/cmTC_f423f.dir/CheckFunctionExists.c.o
/bin/cc   -DCHECK_FUNCTION_EXISTS=cheev_ -o CMakeFiles/cmTC_f423f.dir/CheckFunctionExists.c.o -c /usr/share/cmake-3.22/Modules/CheckFunctionExists.c
Linking C executable cmTC_f423f
/usr/bin/cmake -E cmake_link_script CMakeFiles/cmTC_f423f.dir/link.txt --verbose=1
/bin/cc  -DCHECK_FUNCTION_EXISTS=cheev_ CMakeFiles/cmTC_f423f.dir/CheckFunctionExists.c.o -o cmTC_f423f  /usr/lib/x86_64-linux-gnu/libblas.so /usr/lib/x86_64-linux-gnu/libf77blas.so /usr/lib/x86_64-linux-gnu/libatlas.so -lm -ldl 
/bin/ld: CMakeFiles/cmTC_f423f.dir/CheckFunctionExists.c.o: in function `main':
CheckFunctionExists.c:(.text+0x14): undefined reference to `cheev_'
collect2: error: ld returned 1 exit status
gmake[1]: *** [CMakeFiles/cmTC_f423f.dir/build.make:102: cmTC_f423f] Error 1
gmake[1]: Leaving directory '/home/eric/RMVcode/Ceres_project/build/CMakeFiles/CMakeTmp'
gmake: *** [Makefile:127: cmTC_f423f/fast] Error 2



Determining if the function cheev_ exists failed with the following output:
Change Dir: /home/eric/RMVcode/Ceres_project/build/CMakeFiles/CMakeTmp

Run Build Command(s):/bin/gmake -f Makefile cmTC_d24ad/fast && /bin/gmake  -f CMakeFiles/cmTC_d24ad.dir/build.make CMakeFiles/cmTC_d24ad.dir/build
gmake[1]: Entering directory '/home/eric/RMVcode/Ceres_project/build/CMakeFiles/CMakeTmp'
Building C object CMakeFiles/cmTC_d24ad.dir/CheckFunctionExists.c.o
/bin/cc   -DCHECK_FUNCTION_EXISTS=cheev_ -o CMakeFiles/cmTC_d24ad.dir/CheckFunctionExists.c.o -c /usr/share/cmake-3.22/Modules/CheckFunctionExists.c
Linking C executable cmTC_d24ad
/usr/bin/cmake -E cmake_link_script CMakeFiles/cmTC_d24ad.dir/link.txt --verbose=1
/bin/cc  -DCHECK_FUNCTION_EXISTS=cheev_ CMakeFiles/cmTC_d24ad.dir/CheckFunctionExists.c.o -o cmTC_d24ad  /usr/lib/x86_64-linux-gnu/liblapack.so /usr/lib/x86_64-linux-gnu/libblas.so /usr/lib/x86_64-linux-gnu/libf77blas.so /usr/lib/x86_64-linux-gnu/libatlas.so -fortranlibs 
cc: error: unrecognized command-line option ‘-fortranlibs’
gmake[1]: *** [CMakeFiles/cmTC_d24ad.dir/build.make:103: cmTC_d24ad] Error 1
gmake[1]: Leaving directory '/home/eric/RMVcode/Ceres_project/build/CMakeFiles/CMakeTmp'
gmake: *** [Makefile:127: cmTC_d24ad/fast] Error 2



